This is pdfTeX, Version 3.141592653-2.6-1.40.24 (TeX Live 2022) (preloaded format=pdftex 2022.10.23)  26 JAN 2023 22:21
entering extended mode
 restricted \write18 enabled.
 %&-line parsing enabled.
**slides.tex
(./slides.tex (./syntax-hi.tex (./colors.tex (./utils.tex)
\_colorbox=\box16
)
\_currtoken=\toks13
\_hibox=\box17
\_outputbox=\box18
\_outputline=\count27
) (./macros.tex
\o@baselineskip=\dimen16
\o@lineskip=\dimen17
\o@lineskiplimit=\dimen18
\enumcount=\count28
\b@xit=\box19
\dem@b@xbandwidth=\dimen19
\dem@b@xbandheight=\dimen20
\dem@b@x=\box20
\demobox@dimens=\box21
)
\tboxw=\dimen21
\tboxh=\dimen22

macro:->[rgb]{.95 .95 1} [1{/usr/local/texlive/2022/texmf-var/fonts/map/pdftex/
updmap/pdftex.map}] macro:->[rgb]{.95 .95 1} [1] macro:->[rgb]{.95 .95 1}
[1

pdfTeX warning: pdftex: pop empty color page stack 0
] macro:->[rgb]{.95 .95 1} [1] macro:->[rgb]{.95 .95 1} [1]
macro:->[rgb]{.95 .95 1} [1] macro:->[rgb]{.95 .95 1} [1]
macro:->[rgb]{.95 .95 1} [1] macro:->[rgb]{.95 .95 1} [1] )</usr/local/texlive/
2022/texmf-dist/fonts/type1/public/amsfonts/cm/cmbx10.pfb></usr/local/texlive/2
022/texmf-dist/fonts/type1/public/amsfonts/cm/cmbx7.pfb></usr/local/texlive/202
2/texmf-dist/fonts/type1/public/amsfonts/cm/cmcsc10.pfb></usr/local/texlive/202
2/texmf-dist/fonts/type1/public/amsfonts/cm/cmr10.pfb></usr/local/texlive/2022/
texmf-dist/fonts/type1/public/amsfonts/cm/cmsy10.pfb></usr/local/texlive/2022/t
exmf-dist/fonts/type1/public/amsfonts/cm/cmti10.pfb></usr/local/texlive/2022/te
xmf-dist/fonts/type1/public/amsfonts/cm/cmtt10.pfb></usr/local/texlive/2022/tex
mf-dist/fonts/type1/public/amsfonts/cm/cmtt8.pfb>
Output written on slides.pdf (9 pages, 100823 bytes).
PDF statistics:
 66 PDF objects out of 1000 (max. 8388607)
 46 compressed objects within 1 object stream
 0 named destinations out of 1000 (max. 500000)
 1 words of extra memory for PDF output out of 10000 (max. 10000000)

