This is pdfTeX, Version 3.141592653-2.6-1.40.24 (TeX Live 2022) (preloaded format=pdftex 2022.10.23)  26 JAN 2023 20:02
entering extended mode
 restricted \write18 enabled.
 %&-line parsing enabled.
**syntax-hi.tex
(./syntax-hi.tex (./colors.tex (./utils.tex)
\_colorbox=\box16
)
\_currtoken=\toks13
\_hibox=\box17
\_outputbox=\box18
\_outputline=\count27
)
*\end
[1{/usr/local/texlive/2022/texmf-var/fonts/map/pdftex/updmap/pdftex.map}]</usr/
local/texlive/2022/texmf-dist/fonts/type1/public/amsfonts/cm/cmr10.pfb></usr/lo
cal/texlive/2022/texmf-dist/fonts/type1/public/amsfonts/cm/cmtt10.pfb></usr/loc
al/texlive/2022/texmf-dist/fonts/type1/public/amsfonts/cm/cmtt8.pfb>
Output written on syntax-hi.pdf (1 page, 26196 bytes).
PDF statistics:
 20 PDF objects out of 1000 (max. 8388607)
 13 compressed objects within 1 object stream
 0 named destinations out of 1000 (max. 500000)
 1 words of extra memory for PDF output out of 10000 (max. 10000000)

